0 info it worked if it ends with ok
1 verbose cli [ '/usr/bin/nodejs', '/usr/bin/npm', 'start' ]
2 info using npm@2.14.4
3 info using node@v4.1.2
4 verbose run-script [ 'prestart', 'start', 'poststart' ]
5 info prestart material-ui-example-webpack@0.15.0-alpha.1
6 info start material-ui-example-webpack@0.15.0-alpha.1
7 verbose unsafe-perm in lifecycle true
8 info material-ui-example-webpack@0.15.0-alpha.1 Failed to exec start script
9 verbose stack Error: material-ui-example-webpack@0.15.0-alpha.1 start: `webpack-dev-server --config webpack-dev-server.config.js --progress --inline --colors --port 80`
9 verbose stack Exit status 1
9 verbose stack     at EventEmitter.<anonymous> (/usr/lib/node_modules/npm/lib/utils/lifecycle.js:214:16)
9 verbose stack     at emitTwo (events.js:87:13)
9 verbose stack     at EventEmitter.emit (events.js:172:7)
9 verbose stack     at ChildProcess.<anonymous> (/usr/lib/node_modules/npm/lib/utils/spawn.js:24:14)
9 verbose stack     at emitTwo (events.js:87:13)
9 verbose stack     at ChildProcess.emit (events.js:172:7)
9 verbose stack     at maybeClose (internal/child_process.js:818:16)
9 verbose stack     at Process.ChildProcess._handle.onexit (internal/child_process.js:211:5)
10 verbose pkgid material-ui-example-webpack@0.15.0-alpha.1
11 verbose cwd /home/urban/Desktop/documentenshared/SmartHome/client
12 error Linux 3.13.0-46-generic
13 error argv "/usr/bin/nodejs" "/usr/bin/npm" "start"
14 error node v4.1.2
15 error npm  v2.14.4
16 error code ELIFECYCLE
17 error material-ui-example-webpack@0.15.0-alpha.1 start: `webpack-dev-server --config webpack-dev-server.config.js --progress --inline --colors --port 80`
17 error Exit status 1
18 error Failed at the material-ui-example-webpack@0.15.0-alpha.1 start script 'webpack-dev-server --config webpack-dev-server.config.js --progress --inline --colors --port 80'.
18 error This is most likely a problem with the material-ui-example-webpack package,
18 error not with npm itself.
18 error Tell the author that this fails on your system:
18 error     webpack-dev-server --config webpack-dev-server.config.js --progress --inline --colors --port 80
18 error You can get their info via:
18 error     npm owner ls material-ui-example-webpack
18 error There is likely additional logging output above.
19 verbose exit [ 1, true ]
